<?xml version="1.0" encoding="UTF-8"?>
<testng-results ignored="0" total="1" passed="1" failed="0" skipped="0">
  <reporter-output>
  </reporter-output>
  <suite started-at="2024-02-29T14:49:38 IST" name="Suite" finished-at="2024-02-29T14:49:46 IST" duration-ms="8581">
    <groups>
      <group name="Error_validations">
        <method signature="ErrorMsg.Error_msg()[pri:0, instance:rahulshettyacademy.ErrorMsg@48aca48b]" name="Error_msg" class="rahulshettyacademy.ErrorMsg"/>
      </group> <!-- Error_validations -->
    </groups>
    <test started-at="2024-02-29T14:49:38 IST" name="Error Msg Test" finished-at="2024-02-29T14:49:46 IST" duration-ms="8581">
      <class name="rahulshettyacademy.ErrorMsg">
        <test-method is-config="true" signature="launch()[pri:0, instance:rahulshettyacademy.ErrorMsg@48aca48b]" started-at="2024-02-29T14:49:38 IST" name="launch" finished-at="2024-02-29T14:49:45 IST" duration-ms="7467" status="PASS">
          <reporter-output>
          </reporter-output>
        </test-method> <!-- launch -->
        <test-method signature="Error_msg()[pri:0, instance:rahulshettyacademy.ErrorMsg@48aca48b]" started-at="2024-02-29T14:49:45 IST" name="Error_msg" finished-at="2024-02-29T14:49:46 IST" duration-ms="1036" status="PASS">
          <reporter-output>
          </reporter-output>
        </test-method> <!-- Error_msg -->
      </class> <!-- rahulshettyacademy.ErrorMsg -->
    </test> <!-- Error Msg Test -->
  </suite> <!-- Suite -->
</testng-results>
