<?xml version="1.0" encoding="UTF-8"?>
<testng-results ignored="0" total="1" passed="1" failed="0" skipped="0">
  <reporter-output>
  </reporter-output>
  <suite started-at="2024-03-10T18:23:12 IST" name="Suite" finished-at="2024-03-10T18:23:20 IST" duration-ms="8043">
    <groups>
      <group name="Error_validations">
        <method signature="ErrorMsg.Error_msg()[pri:0, instance:rahulshettyacademy.ErrorMsg@8dbdac1]" name="Error_msg" class="rahulshettyacademy.ErrorMsg"/>
      </group> <!-- Error_validations -->
    </groups>
    <test started-at="2024-03-10T18:23:12 IST" name="Error Msg Test" finished-at="2024-03-10T18:23:20 IST" duration-ms="8043">
      <class name="rahulshettyacademy.ErrorMsg">
        <test-method is-config="true" signature="launch()[pri:0, instance:rahulshettyacademy.ErrorMsg@8dbdac1]" started-at="2024-03-10T18:23:12 IST" name="launch" finished-at="2024-03-10T18:23:19 IST" duration-ms="6951" status="PASS">
          <reporter-output>
          </reporter-output>
        </test-method> <!-- launch -->
        <test-method signature="Error_msg()[pri:0, instance:rahulshettyacademy.ErrorMsg@8dbdac1]" started-at="2024-03-10T18:23:19 IST" name="Error_msg" finished-at="2024-03-10T18:23:20 IST" duration-ms="1011" status="PASS">
          <reporter-output>
          </reporter-output>
        </test-method> <!-- Error_msg -->
      </class> <!-- rahulshettyacademy.ErrorMsg -->
    </test> <!-- Error Msg Test -->
  </suite> <!-- Suite -->
</testng-results>
