<?xml version="1.0" encoding="UTF-8"?>
<!-- Generated by org.testng.reporters.JUnitXMLReporter -->
<testsuite ignored="2" hostname="DVCINH6092255" failures="0" tests="0" time="0.021" errors="0" timestamp="2024-02-29T14:39:08 IST">
  <testcase classname="rahulshettyacademy.End_to_End" name="standalonetest_copy" time="0.0">
    <ignored/>
  </testcase> <!-- standalonetest_copy -->
  <testcase classname="rahulshettyacademy.End_to_End" name="order_history" time="0.0">
    <ignored/>
  </testcase> <!-- order_history -->
</testsuite>
