<?xml version="1.0" encoding="UTF-8"?>
<testng-results ignored="0" total="1" passed="1" failed="0" skipped="0">
  <reporter-output>
  </reporter-output>
  <suite started-at="2024-02-26T17:22:31 IST" name="Default suite" finished-at="2024-02-26T17:22:39 IST" duration-ms="8041">
    <groups>
    </groups>
    <test started-at="2024-02-26T17:22:31 IST" name="Default test" finished-at="2024-02-26T17:22:39 IST" duration-ms="8041">
      <class name="rahulshettyacademy.ExtentReports.ExtentReportDemo">
        <test-method is-config="true" signature="config()[pri:0, instance:rahulshettyacademy.ExtentReports.ExtentReportDemo@37d4349f]" started-at="2024-02-26T17:22:31 IST" name="config" finished-at="2024-02-26T17:22:31 IST" duration-ms="240" status="PASS">
          <reporter-output>
          </reporter-output>
        </test-method> <!-- config -->
        <test-method signature="initialdemo()[pri:0, instance:rahulshettyacademy.ExtentReports.ExtentReportDemo@37d4349f]" started-at="2024-02-26T17:22:31 IST" name="initialdemo" finished-at="2024-02-26T17:22:39 IST" duration-ms="7763" status="PASS">
          <reporter-output>
          </reporter-output>
        </test-method> <!-- initialdemo -->
      </class> <!-- rahulshettyacademy.ExtentReports.ExtentReportDemo -->
    </test> <!-- Default test -->
  </suite> <!-- Default suite -->
</testng-results>
